INFO:root:DATA INGESTION STARTED
INFO:root:dataset read as pd
INFO:root:(1026, 9)
INFO:root:   Cement (component 1)(kg in a m^3 mixture)  ...  Concrete compressive strength(MPa, megapascals) 
0                                      540.0  ...                                         61.887366
1                                      332.5  ...                                         40.269535
2                                      332.5  ...                                         41.052780
3                                      198.6  ...                                         44.296075
4                                      266.0  ...                                         47.029847

[5 rows x 9 columns]
INFO:root:OUTLIERS ARE REMOVED
INFO:root:(1026, 9)
INFO:root:   Cement (component 1)(kg in a m^3 mixture)  ...  Concrete compressive strength(MPa, megapascals) 
0                                      307.0  ...                                         32.922479
1                                      212.0  ...                                         47.815161
2                                      382.5  ...                                         37.437857
3                                      446.0  ...                                         57.026560
4                                      102.0  ...                                         25.460970

[5 rows x 9 columns]
INFO:root:   Cement (component 1)(kg in a m^3 mixture)  ...  Concrete compressive strength(MPa, megapascals) 
0                                     165.00  ...                                         26.200088
1                                     393.00  ...                                         39.604880
2                                     333.00  ...                                         47.277369
3                                     379.50  ...                                         47.098106
4                                     190.34  ...                                         19.415644

[5 rows x 9 columns]
INFO:root:train data and test data taken
INFO:root:1 (820, 9)
INFO:root:shape (820, 8)
INFO:root:model report {'LINEAR_REGRESSION ': 0.5571118221921095, 'LASSO ': 0.1539661091798853, 'Ridge ': 0.5601136861376228, 'RANDOM_FOREST_REGRESSION ': 0.9263436881983349, 'Gradient_boosting_algorithm ': 0.9220154635082328, 'KNN ': 0.6190071972788862}
INFO:root:BEST MODEL IS RANDOM_FOREST_REGRESSION  WITH ACCURACY 0.9263436881983349
INFO:root:Shape here (820, 8)
INFO:root:accuaracy 0.9215622014586429
